ARM GAS  C:\Users\hamuc\AppData\Local\Temp\cc8xfexI.s 			page 1


   1              		.cpu cortex-m4
   2              		.arch armv7e-m
   3              		.fpu fpv4-sp-d16
   4              		.eabi_attribute 27, 1
   5              		.eabi_attribute 28, 1
   6              		.eabi_attribute 20, 1
   7              		.eabi_attribute 21, 1
   8              		.eabi_attribute 23, 3
   9              		.eabi_attribute 24, 1
  10              		.eabi_attribute 25, 1
  11              		.eabi_attribute 26, 1
  12              		.eabi_attribute 30, 1
  13              		.eabi_attribute 34, 1
  14              		.eabi_attribute 18, 4
  15              		.file	"fdcan.c"
  16              		.text
  17              	.Ltext0:
  18              		.cfi_sections	.debug_frame
  19              		.file 1 "Core/Src/fdcan.c"
  20              		.section	.text.MX_FDCAN1_Init,"ax",%progbits
  21              		.align	1
  22              		.global	MX_FDCAN1_Init
  23              		.syntax unified
  24              		.thumb
  25              		.thumb_func
  27              	MX_FDCAN1_Init:
  28              	.LFB132:
   1:Core/Src/fdcan.c **** /* USER CODE BEGIN Header */
   2:Core/Src/fdcan.c **** /**
   3:Core/Src/fdcan.c ****   ******************************************************************************
   4:Core/Src/fdcan.c ****   * @file    fdcan.c
   5:Core/Src/fdcan.c ****   * @brief   This file provides code for the configuration
   6:Core/Src/fdcan.c ****   *          of the FDCAN instances.
   7:Core/Src/fdcan.c ****   ******************************************************************************
   8:Core/Src/fdcan.c ****   * @attention
   9:Core/Src/fdcan.c ****   *
  10:Core/Src/fdcan.c ****   * Copyright (c) 2023 STMicroelectronics.
  11:Core/Src/fdcan.c ****   * All rights reserved.
  12:Core/Src/fdcan.c ****   *
  13:Core/Src/fdcan.c ****   * This software is licensed under terms that can be found in the LICENSE file
  14:Core/Src/fdcan.c ****   * in the root directory of this software component.
  15:Core/Src/fdcan.c ****   * If no LICENSE file comes with this software, it is provided AS-IS.
  16:Core/Src/fdcan.c ****   *
  17:Core/Src/fdcan.c ****   ******************************************************************************
  18:Core/Src/fdcan.c ****   */
  19:Core/Src/fdcan.c **** /* USER CODE END Header */
  20:Core/Src/fdcan.c **** /* Includes ------------------------------------------------------------------*/
  21:Core/Src/fdcan.c **** #include "fdcan.h"
  22:Core/Src/fdcan.c **** 
  23:Core/Src/fdcan.c **** /* USER CODE BEGIN 0 */
  24:Core/Src/fdcan.c **** 
  25:Core/Src/fdcan.c **** /* USER CODE END 0 */
  26:Core/Src/fdcan.c **** 
  27:Core/Src/fdcan.c **** FDCAN_HandleTypeDef hfdcan1;
  28:Core/Src/fdcan.c **** 
  29:Core/Src/fdcan.c **** /* FDCAN1 init function */
  30:Core/Src/fdcan.c **** void MX_FDCAN1_Init(void)
ARM GAS  C:\Users\hamuc\AppData\Local\Temp\cc8xfexI.s 			page 2


  31:Core/Src/fdcan.c **** {
  29              		.loc 1 31 1 view -0
  30              		.cfi_startproc
  31              		@ args = 0, pretend = 0, frame = 0
  32              		@ frame_needed = 0, uses_anonymous_args = 0
  33 0000 08B5     		push	{r3, lr}
  34              	.LCFI0:
  35              		.cfi_def_cfa_offset 8
  36              		.cfi_offset 3, -8
  37              		.cfi_offset 14, -4
  32:Core/Src/fdcan.c **** 
  33:Core/Src/fdcan.c ****   /* USER CODE BEGIN FDCAN1_Init 0 */
  34:Core/Src/fdcan.c **** 
  35:Core/Src/fdcan.c ****   /* USER CODE END FDCAN1_Init 0 */
  36:Core/Src/fdcan.c **** 
  37:Core/Src/fdcan.c ****   /* USER CODE BEGIN FDCAN1_Init 1 */
  38:Core/Src/fdcan.c **** 
  39:Core/Src/fdcan.c ****   /* USER CODE END FDCAN1_Init 1 */
  40:Core/Src/fdcan.c ****   hfdcan1.Instance = FDCAN1;
  38              		.loc 1 40 3 view .LVU1
  39              		.loc 1 40 20 is_stmt 0 view .LVU2
  40 0002 1048     		ldr	r0, .L5
  41 0004 104B     		ldr	r3, .L5+4
  42 0006 0360     		str	r3, [r0]
  41:Core/Src/fdcan.c ****   hfdcan1.Init.ClockDivider = FDCAN_CLOCK_DIV1;
  43              		.loc 1 41 3 is_stmt 1 view .LVU3
  44              		.loc 1 41 29 is_stmt 0 view .LVU4
  45 0008 0023     		movs	r3, #0
  46 000a 4360     		str	r3, [r0, #4]
  42:Core/Src/fdcan.c ****   hfdcan1.Init.FrameFormat = FDCAN_FRAME_CLASSIC;
  47              		.loc 1 42 3 is_stmt 1 view .LVU5
  48              		.loc 1 42 28 is_stmt 0 view .LVU6
  49 000c 8360     		str	r3, [r0, #8]
  43:Core/Src/fdcan.c ****   hfdcan1.Init.Mode = FDCAN_MODE_NORMAL;
  50              		.loc 1 43 3 is_stmt 1 view .LVU7
  51              		.loc 1 43 21 is_stmt 0 view .LVU8
  52 000e C360     		str	r3, [r0, #12]
  44:Core/Src/fdcan.c ****   hfdcan1.Init.AutoRetransmission = DISABLE;
  53              		.loc 1 44 3 is_stmt 1 view .LVU9
  54              		.loc 1 44 35 is_stmt 0 view .LVU10
  55 0010 0374     		strb	r3, [r0, #16]
  45:Core/Src/fdcan.c ****   hfdcan1.Init.TransmitPause = DISABLE;
  56              		.loc 1 45 3 is_stmt 1 view .LVU11
  57              		.loc 1 45 30 is_stmt 0 view .LVU12
  58 0012 4374     		strb	r3, [r0, #17]
  46:Core/Src/fdcan.c ****   hfdcan1.Init.ProtocolException = DISABLE;
  59              		.loc 1 46 3 is_stmt 1 view .LVU13
  60              		.loc 1 46 34 is_stmt 0 view .LVU14
  61 0014 8374     		strb	r3, [r0, #18]
  47:Core/Src/fdcan.c ****   hfdcan1.Init.NominalPrescaler = 3;
  62              		.loc 1 47 3 is_stmt 1 view .LVU15
  63              		.loc 1 47 33 is_stmt 0 view .LVU16
  64 0016 0322     		movs	r2, #3
  65 0018 4261     		str	r2, [r0, #20]
  48:Core/Src/fdcan.c ****   hfdcan1.Init.NominalSyncJumpWidth = 1;
  66              		.loc 1 48 3 is_stmt 1 view .LVU17
  67              		.loc 1 48 37 is_stmt 0 view .LVU18
ARM GAS  C:\Users\hamuc\AppData\Local\Temp\cc8xfexI.s 			page 3


  68 001a 0122     		movs	r2, #1
  69 001c 8261     		str	r2, [r0, #24]
  49:Core/Src/fdcan.c ****   hfdcan1.Init.NominalTimeSeg1 = 7;
  70              		.loc 1 49 3 is_stmt 1 view .LVU19
  71              		.loc 1 49 32 is_stmt 0 view .LVU20
  72 001e 0721     		movs	r1, #7
  73 0020 C161     		str	r1, [r0, #28]
  50:Core/Src/fdcan.c ****   hfdcan1.Init.NominalTimeSeg2 = 2;
  74              		.loc 1 50 3 is_stmt 1 view .LVU21
  75              		.loc 1 50 32 is_stmt 0 view .LVU22
  76 0022 0221     		movs	r1, #2
  77 0024 0162     		str	r1, [r0, #32]
  51:Core/Src/fdcan.c ****   hfdcan1.Init.DataPrescaler = 1;
  78              		.loc 1 51 3 is_stmt 1 view .LVU23
  79              		.loc 1 51 30 is_stmt 0 view .LVU24
  80 0026 4262     		str	r2, [r0, #36]
  52:Core/Src/fdcan.c ****   hfdcan1.Init.DataSyncJumpWidth = 1;
  81              		.loc 1 52 3 is_stmt 1 view .LVU25
  82              		.loc 1 52 34 is_stmt 0 view .LVU26
  83 0028 8262     		str	r2, [r0, #40]
  53:Core/Src/fdcan.c ****   hfdcan1.Init.DataTimeSeg1 = 1;
  84              		.loc 1 53 3 is_stmt 1 view .LVU27
  85              		.loc 1 53 29 is_stmt 0 view .LVU28
  86 002a C262     		str	r2, [r0, #44]
  54:Core/Src/fdcan.c ****   hfdcan1.Init.DataTimeSeg2 = 1;
  87              		.loc 1 54 3 is_stmt 1 view .LVU29
  88              		.loc 1 54 29 is_stmt 0 view .LVU30
  89 002c 0263     		str	r2, [r0, #48]
  55:Core/Src/fdcan.c ****   hfdcan1.Init.StdFiltersNbr = 0;
  90              		.loc 1 55 3 is_stmt 1 view .LVU31
  91              		.loc 1 55 30 is_stmt 0 view .LVU32
  92 002e 4363     		str	r3, [r0, #52]
  56:Core/Src/fdcan.c ****   hfdcan1.Init.ExtFiltersNbr = 0;
  93              		.loc 1 56 3 is_stmt 1 view .LVU33
  94              		.loc 1 56 30 is_stmt 0 view .LVU34
  95 0030 8363     		str	r3, [r0, #56]
  57:Core/Src/fdcan.c ****   hfdcan1.Init.TxFifoQueueMode = FDCAN_TX_FIFO_OPERATION;
  96              		.loc 1 57 3 is_stmt 1 view .LVU35
  97              		.loc 1 57 32 is_stmt 0 view .LVU36
  98 0032 C363     		str	r3, [r0, #60]
  58:Core/Src/fdcan.c ****   if (HAL_FDCAN_Init(&hfdcan1) != HAL_OK)
  99              		.loc 1 58 3 is_stmt 1 view .LVU37
 100              		.loc 1 58 7 is_stmt 0 view .LVU38
 101 0034 FFF7FEFF 		bl	HAL_FDCAN_Init
 102              	.LVL0:
 103              		.loc 1 58 6 view .LVU39
 104 0038 00B9     		cbnz	r0, .L4
 105              	.L1:
  59:Core/Src/fdcan.c ****   {
  60:Core/Src/fdcan.c ****     Error_Handler();
  61:Core/Src/fdcan.c ****   }
  62:Core/Src/fdcan.c ****   /* USER CODE BEGIN FDCAN1_Init 2 */
  63:Core/Src/fdcan.c **** 
  64:Core/Src/fdcan.c ****   /* USER CODE END FDCAN1_Init 2 */
  65:Core/Src/fdcan.c **** 
  66:Core/Src/fdcan.c **** }
 106              		.loc 1 66 1 view .LVU40
ARM GAS  C:\Users\hamuc\AppData\Local\Temp\cc8xfexI.s 			page 4


 107 003a 08BD     		pop	{r3, pc}
 108              	.L4:
  60:Core/Src/fdcan.c ****   }
 109              		.loc 1 60 5 is_stmt 1 view .LVU41
 110 003c FFF7FEFF 		bl	Error_Handler
 111              	.LVL1:
 112              		.loc 1 66 1 is_stmt 0 view .LVU42
 113 0040 FBE7     		b	.L1
 114              	.L6:
 115 0042 00BF     		.align	2
 116              	.L5:
 117 0044 00000000 		.word	hfdcan1
 118 0048 00640040 		.word	1073767424
 119              		.cfi_endproc
 120              	.LFE132:
 122              		.section	.text.HAL_FDCAN_MspInit,"ax",%progbits
 123              		.align	1
 124              		.global	HAL_FDCAN_MspInit
 125              		.syntax unified
 126              		.thumb
 127              		.thumb_func
 129              	HAL_FDCAN_MspInit:
 130              	.LVL2:
 131              	.LFB133:
  67:Core/Src/fdcan.c **** 
  68:Core/Src/fdcan.c **** void HAL_FDCAN_MspInit(FDCAN_HandleTypeDef* fdcanHandle)
  69:Core/Src/fdcan.c **** {
 132              		.loc 1 69 1 is_stmt 1 view -0
 133              		.cfi_startproc
 134              		@ args = 0, pretend = 0, frame = 96
 135              		@ frame_needed = 0, uses_anonymous_args = 0
 136              		.loc 1 69 1 is_stmt 0 view .LVU44
 137 0000 10B5     		push	{r4, lr}
 138              	.LCFI1:
 139              		.cfi_def_cfa_offset 8
 140              		.cfi_offset 4, -8
 141              		.cfi_offset 14, -4
 142 0002 98B0     		sub	sp, sp, #96
 143              	.LCFI2:
 144              		.cfi_def_cfa_offset 104
 145 0004 0446     		mov	r4, r0
  70:Core/Src/fdcan.c **** 
  71:Core/Src/fdcan.c ****   GPIO_InitTypeDef GPIO_InitStruct = {0};
 146              		.loc 1 71 3 is_stmt 1 view .LVU45
 147              		.loc 1 71 20 is_stmt 0 view .LVU46
 148 0006 0021     		movs	r1, #0
 149 0008 1391     		str	r1, [sp, #76]
 150 000a 1491     		str	r1, [sp, #80]
 151 000c 1591     		str	r1, [sp, #84]
 152 000e 1691     		str	r1, [sp, #88]
 153 0010 1791     		str	r1, [sp, #92]
  72:Core/Src/fdcan.c ****   RCC_PeriphCLKInitTypeDef PeriphClkInit = {0};
 154              		.loc 1 72 3 is_stmt 1 view .LVU47
 155              		.loc 1 72 28 is_stmt 0 view .LVU48
 156 0012 4422     		movs	r2, #68
 157 0014 02A8     		add	r0, sp, #8
 158              	.LVL3:
ARM GAS  C:\Users\hamuc\AppData\Local\Temp\cc8xfexI.s 			page 5


 159              		.loc 1 72 28 view .LVU49
 160 0016 FFF7FEFF 		bl	memset
 161              	.LVL4:
  73:Core/Src/fdcan.c ****   if(fdcanHandle->Instance==FDCAN1)
 162              		.loc 1 73 3 is_stmt 1 view .LVU50
 163              		.loc 1 73 17 is_stmt 0 view .LVU51
 164 001a 2268     		ldr	r2, [r4]
 165              		.loc 1 73 5 view .LVU52
 166 001c 1E4B     		ldr	r3, .L13
 167 001e 9A42     		cmp	r2, r3
 168 0020 01D0     		beq	.L11
 169              	.LVL5:
 170              	.L7:
  74:Core/Src/fdcan.c ****   {
  75:Core/Src/fdcan.c ****   /* USER CODE BEGIN FDCAN1_MspInit 0 */
  76:Core/Src/fdcan.c **** 
  77:Core/Src/fdcan.c ****   /* USER CODE END FDCAN1_MspInit 0 */
  78:Core/Src/fdcan.c **** 
  79:Core/Src/fdcan.c ****   /** Initializes the peripherals clocks
  80:Core/Src/fdcan.c ****   */
  81:Core/Src/fdcan.c ****     PeriphClkInit.PeriphClockSelection = RCC_PERIPHCLK_FDCAN;
  82:Core/Src/fdcan.c ****     PeriphClkInit.FdcanClockSelection = RCC_FDCANCLKSOURCE_PLL;
  83:Core/Src/fdcan.c ****     if (HAL_RCCEx_PeriphCLKConfig(&PeriphClkInit) != HAL_OK)
  84:Core/Src/fdcan.c ****     {
  85:Core/Src/fdcan.c ****       Error_Handler();
  86:Core/Src/fdcan.c ****     }
  87:Core/Src/fdcan.c **** 
  88:Core/Src/fdcan.c ****     /* FDCAN1 clock enable */
  89:Core/Src/fdcan.c ****     __HAL_RCC_FDCAN_CLK_ENABLE();
  90:Core/Src/fdcan.c **** 
  91:Core/Src/fdcan.c ****     __HAL_RCC_GPIOA_CLK_ENABLE();
  92:Core/Src/fdcan.c ****     /**FDCAN1 GPIO Configuration
  93:Core/Src/fdcan.c ****     PA11     ------> FDCAN1_RX
  94:Core/Src/fdcan.c ****     PA12     ------> FDCAN1_TX
  95:Core/Src/fdcan.c ****     */
  96:Core/Src/fdcan.c ****     GPIO_InitStruct.Pin = GPIO_PIN_11|GPIO_PIN_12;
  97:Core/Src/fdcan.c ****     GPIO_InitStruct.Mode = GPIO_MODE_AF_PP;
  98:Core/Src/fdcan.c ****     GPIO_InitStruct.Pull = GPIO_NOPULL;
  99:Core/Src/fdcan.c ****     GPIO_InitStruct.Speed = GPIO_SPEED_FREQ_LOW;
 100:Core/Src/fdcan.c ****     GPIO_InitStruct.Alternate = GPIO_AF9_FDCAN1;
 101:Core/Src/fdcan.c ****     HAL_GPIO_Init(GPIOA, &GPIO_InitStruct);
 102:Core/Src/fdcan.c **** 
 103:Core/Src/fdcan.c ****     /* FDCAN1 interrupt Init */
 104:Core/Src/fdcan.c ****     HAL_NVIC_SetPriority(FDCAN1_IT0_IRQn, 0, 0);
 105:Core/Src/fdcan.c ****     HAL_NVIC_EnableIRQ(FDCAN1_IT0_IRQn);
 106:Core/Src/fdcan.c ****   /* USER CODE BEGIN FDCAN1_MspInit 1 */
 107:Core/Src/fdcan.c **** 
 108:Core/Src/fdcan.c ****   /* USER CODE END FDCAN1_MspInit 1 */
 109:Core/Src/fdcan.c ****   }
 110:Core/Src/fdcan.c **** }
 171              		.loc 1 110 1 view .LVU53
 172 0022 18B0     		add	sp, sp, #96
 173              	.LCFI3:
 174              		.cfi_remember_state
 175              		.cfi_def_cfa_offset 8
 176              		@ sp needed
 177 0024 10BD     		pop	{r4, pc}
ARM GAS  C:\Users\hamuc\AppData\Local\Temp\cc8xfexI.s 			page 6


 178              	.LVL6:
 179              	.L11:
 180              	.LCFI4:
 181              		.cfi_restore_state
  81:Core/Src/fdcan.c ****     PeriphClkInit.FdcanClockSelection = RCC_FDCANCLKSOURCE_PLL;
 182              		.loc 1 81 5 is_stmt 1 view .LVU54
  81:Core/Src/fdcan.c ****     PeriphClkInit.FdcanClockSelection = RCC_FDCANCLKSOURCE_PLL;
 183              		.loc 1 81 40 is_stmt 0 view .LVU55
 184 0026 4FF48053 		mov	r3, #4096
 185 002a 0293     		str	r3, [sp, #8]
  82:Core/Src/fdcan.c ****     if (HAL_RCCEx_PeriphCLKConfig(&PeriphClkInit) != HAL_OK)
 186              		.loc 1 82 5 is_stmt 1 view .LVU56
  82:Core/Src/fdcan.c ****     if (HAL_RCCEx_PeriphCLKConfig(&PeriphClkInit) != HAL_OK)
 187              		.loc 1 82 39 is_stmt 0 view .LVU57
 188 002c 4FF08073 		mov	r3, #16777216
 189 0030 0E93     		str	r3, [sp, #56]
  83:Core/Src/fdcan.c ****     {
 190              		.loc 1 83 5 is_stmt 1 view .LVU58
  83:Core/Src/fdcan.c ****     {
 191              		.loc 1 83 9 is_stmt 0 view .LVU59
 192 0032 02A8     		add	r0, sp, #8
 193 0034 FFF7FEFF 		bl	HAL_RCCEx_PeriphCLKConfig
 194              	.LVL7:
  83:Core/Src/fdcan.c ****     {
 195              		.loc 1 83 8 view .LVU60
 196 0038 50BB     		cbnz	r0, .L12
 197              	.L9:
  89:Core/Src/fdcan.c **** 
 198              		.loc 1 89 5 is_stmt 1 view .LVU61
 199              	.LBB2:
  89:Core/Src/fdcan.c **** 
 200              		.loc 1 89 5 view .LVU62
  89:Core/Src/fdcan.c **** 
 201              		.loc 1 89 5 view .LVU63
 202 003a 184B     		ldr	r3, .L13+4
 203 003c 9A6D     		ldr	r2, [r3, #88]
 204 003e 42F00072 		orr	r2, r2, #33554432
 205 0042 9A65     		str	r2, [r3, #88]
  89:Core/Src/fdcan.c **** 
 206              		.loc 1 89 5 view .LVU64
 207 0044 9A6D     		ldr	r2, [r3, #88]
 208 0046 02F00072 		and	r2, r2, #33554432
 209 004a 0092     		str	r2, [sp]
  89:Core/Src/fdcan.c **** 
 210              		.loc 1 89 5 view .LVU65
 211 004c 009A     		ldr	r2, [sp]
 212              	.LBE2:
  89:Core/Src/fdcan.c **** 
 213              		.loc 1 89 5 view .LVU66
  91:Core/Src/fdcan.c ****     /**FDCAN1 GPIO Configuration
 214              		.loc 1 91 5 view .LVU67
 215              	.LBB3:
  91:Core/Src/fdcan.c ****     /**FDCAN1 GPIO Configuration
 216              		.loc 1 91 5 view .LVU68
  91:Core/Src/fdcan.c ****     /**FDCAN1 GPIO Configuration
 217              		.loc 1 91 5 view .LVU69
 218 004e DA6C     		ldr	r2, [r3, #76]
ARM GAS  C:\Users\hamuc\AppData\Local\Temp\cc8xfexI.s 			page 7


 219 0050 42F00102 		orr	r2, r2, #1
 220 0054 DA64     		str	r2, [r3, #76]
  91:Core/Src/fdcan.c ****     /**FDCAN1 GPIO Configuration
 221              		.loc 1 91 5 view .LVU70
 222 0056 DB6C     		ldr	r3, [r3, #76]
 223 0058 03F00103 		and	r3, r3, #1
 224 005c 0193     		str	r3, [sp, #4]
  91:Core/Src/fdcan.c ****     /**FDCAN1 GPIO Configuration
 225              		.loc 1 91 5 view .LVU71
 226 005e 019B     		ldr	r3, [sp, #4]
 227              	.LBE3:
  91:Core/Src/fdcan.c ****     /**FDCAN1 GPIO Configuration
 228              		.loc 1 91 5 view .LVU72
  96:Core/Src/fdcan.c ****     GPIO_InitStruct.Mode = GPIO_MODE_AF_PP;
 229              		.loc 1 96 5 view .LVU73
  96:Core/Src/fdcan.c ****     GPIO_InitStruct.Mode = GPIO_MODE_AF_PP;
 230              		.loc 1 96 25 is_stmt 0 view .LVU74
 231 0060 4FF4C053 		mov	r3, #6144
 232 0064 1393     		str	r3, [sp, #76]
  97:Core/Src/fdcan.c ****     GPIO_InitStruct.Pull = GPIO_NOPULL;
 233              		.loc 1 97 5 is_stmt 1 view .LVU75
  97:Core/Src/fdcan.c ****     GPIO_InitStruct.Pull = GPIO_NOPULL;
 234              		.loc 1 97 26 is_stmt 0 view .LVU76
 235 0066 0223     		movs	r3, #2
 236 0068 1493     		str	r3, [sp, #80]
  98:Core/Src/fdcan.c ****     GPIO_InitStruct.Speed = GPIO_SPEED_FREQ_LOW;
 237              		.loc 1 98 5 is_stmt 1 view .LVU77
  98:Core/Src/fdcan.c ****     GPIO_InitStruct.Speed = GPIO_SPEED_FREQ_LOW;
 238              		.loc 1 98 26 is_stmt 0 view .LVU78
 239 006a 0024     		movs	r4, #0
 240              	.LVL8:
  98:Core/Src/fdcan.c ****     GPIO_InitStruct.Speed = GPIO_SPEED_FREQ_LOW;
 241              		.loc 1 98 26 view .LVU79
 242 006c 1594     		str	r4, [sp, #84]
  99:Core/Src/fdcan.c ****     GPIO_InitStruct.Alternate = GPIO_AF9_FDCAN1;
 243              		.loc 1 99 5 is_stmt 1 view .LVU80
  99:Core/Src/fdcan.c ****     GPIO_InitStruct.Alternate = GPIO_AF9_FDCAN1;
 244              		.loc 1 99 27 is_stmt 0 view .LVU81
 245 006e 1694     		str	r4, [sp, #88]
 100:Core/Src/fdcan.c ****     HAL_GPIO_Init(GPIOA, &GPIO_InitStruct);
 246              		.loc 1 100 5 is_stmt 1 view .LVU82
 100:Core/Src/fdcan.c ****     HAL_GPIO_Init(GPIOA, &GPIO_InitStruct);
 247              		.loc 1 100 31 is_stmt 0 view .LVU83
 248 0070 0923     		movs	r3, #9
 249 0072 1793     		str	r3, [sp, #92]
 101:Core/Src/fdcan.c **** 
 250              		.loc 1 101 5 is_stmt 1 view .LVU84
 251 0074 13A9     		add	r1, sp, #76
 252 0076 4FF09040 		mov	r0, #1207959552
 253 007a FFF7FEFF 		bl	HAL_GPIO_Init
 254              	.LVL9:
 104:Core/Src/fdcan.c ****     HAL_NVIC_EnableIRQ(FDCAN1_IT0_IRQn);
 255              		.loc 1 104 5 view .LVU85
 256 007e 2246     		mov	r2, r4
 257 0080 2146     		mov	r1, r4
 258 0082 1520     		movs	r0, #21
 259 0084 FFF7FEFF 		bl	HAL_NVIC_SetPriority
ARM GAS  C:\Users\hamuc\AppData\Local\Temp\cc8xfexI.s 			page 8


 260              	.LVL10:
 105:Core/Src/fdcan.c ****   /* USER CODE BEGIN FDCAN1_MspInit 1 */
 261              		.loc 1 105 5 view .LVU86
 262 0088 1520     		movs	r0, #21
 263 008a FFF7FEFF 		bl	HAL_NVIC_EnableIRQ
 264              	.LVL11:
 265              		.loc 1 110 1 is_stmt 0 view .LVU87
 266 008e C8E7     		b	.L7
 267              	.LVL12:
 268              	.L12:
  85:Core/Src/fdcan.c ****     }
 269              		.loc 1 85 7 is_stmt 1 view .LVU88
 270 0090 FFF7FEFF 		bl	Error_Handler
 271              	.LVL13:
 272 0094 D1E7     		b	.L9
 273              	.L14:
 274 0096 00BF     		.align	2
 275              	.L13:
 276 0098 00640040 		.word	1073767424
 277 009c 00100240 		.word	1073876992
 278              		.cfi_endproc
 279              	.LFE133:
 281              		.section	.text.HAL_FDCAN_MspDeInit,"ax",%progbits
 282              		.align	1
 283              		.global	HAL_FDCAN_MspDeInit
 284              		.syntax unified
 285              		.thumb
 286              		.thumb_func
 288              	HAL_FDCAN_MspDeInit:
 289              	.LVL14:
 290              	.LFB134:
 111:Core/Src/fdcan.c **** 
 112:Core/Src/fdcan.c **** void HAL_FDCAN_MspDeInit(FDCAN_HandleTypeDef* fdcanHandle)
 113:Core/Src/fdcan.c **** {
 291              		.loc 1 113 1 view -0
 292              		.cfi_startproc
 293              		@ args = 0, pretend = 0, frame = 0
 294              		@ frame_needed = 0, uses_anonymous_args = 0
 295              		.loc 1 113 1 is_stmt 0 view .LVU90
 296 0000 08B5     		push	{r3, lr}
 297              	.LCFI5:
 298              		.cfi_def_cfa_offset 8
 299              		.cfi_offset 3, -8
 300              		.cfi_offset 14, -4
 114:Core/Src/fdcan.c **** 
 115:Core/Src/fdcan.c ****   if(fdcanHandle->Instance==FDCAN1)
 301              		.loc 1 115 3 is_stmt 1 view .LVU91
 302              		.loc 1 115 17 is_stmt 0 view .LVU92
 303 0002 0268     		ldr	r2, [r0]
 304              		.loc 1 115 5 view .LVU93
 305 0004 094B     		ldr	r3, .L19
 306 0006 9A42     		cmp	r2, r3
 307 0008 00D0     		beq	.L18
 308              	.LVL15:
 309              	.L15:
 116:Core/Src/fdcan.c ****   {
 117:Core/Src/fdcan.c ****   /* USER CODE BEGIN FDCAN1_MspDeInit 0 */
ARM GAS  C:\Users\hamuc\AppData\Local\Temp\cc8xfexI.s 			page 9


 118:Core/Src/fdcan.c **** 
 119:Core/Src/fdcan.c ****   /* USER CODE END FDCAN1_MspDeInit 0 */
 120:Core/Src/fdcan.c ****     /* Peripheral clock disable */
 121:Core/Src/fdcan.c ****     __HAL_RCC_FDCAN_CLK_DISABLE();
 122:Core/Src/fdcan.c **** 
 123:Core/Src/fdcan.c ****     /**FDCAN1 GPIO Configuration
 124:Core/Src/fdcan.c ****     PA11     ------> FDCAN1_RX
 125:Core/Src/fdcan.c ****     PA12     ------> FDCAN1_TX
 126:Core/Src/fdcan.c ****     */
 127:Core/Src/fdcan.c ****     HAL_GPIO_DeInit(GPIOA, GPIO_PIN_11|GPIO_PIN_12);
 128:Core/Src/fdcan.c **** 
 129:Core/Src/fdcan.c ****     /* FDCAN1 interrupt Deinit */
 130:Core/Src/fdcan.c ****     HAL_NVIC_DisableIRQ(FDCAN1_IT0_IRQn);
 131:Core/Src/fdcan.c ****   /* USER CODE BEGIN FDCAN1_MspDeInit 1 */
 132:Core/Src/fdcan.c **** 
 133:Core/Src/fdcan.c ****   /* USER CODE END FDCAN1_MspDeInit 1 */
 134:Core/Src/fdcan.c ****   }
 135:Core/Src/fdcan.c **** }
 310              		.loc 1 135 1 view .LVU94
 311 000a 08BD     		pop	{r3, pc}
 312              	.LVL16:
 313              	.L18:
 121:Core/Src/fdcan.c **** 
 314              		.loc 1 121 5 is_stmt 1 view .LVU95
 315 000c 084A     		ldr	r2, .L19+4
 316 000e 936D     		ldr	r3, [r2, #88]
 317 0010 23F00073 		bic	r3, r3, #33554432
 318 0014 9365     		str	r3, [r2, #88]
 127:Core/Src/fdcan.c **** 
 319              		.loc 1 127 5 view .LVU96
 320 0016 4FF4C051 		mov	r1, #6144
 321 001a 4FF09040 		mov	r0, #1207959552
 322              	.LVL17:
 127:Core/Src/fdcan.c **** 
 323              		.loc 1 127 5 is_stmt 0 view .LVU97
 324 001e FFF7FEFF 		bl	HAL_GPIO_DeInit
 325              	.LVL18:
 130:Core/Src/fdcan.c ****   /* USER CODE BEGIN FDCAN1_MspDeInit 1 */
 326              		.loc 1 130 5 is_stmt 1 view .LVU98
 327 0022 1520     		movs	r0, #21
 328 0024 FFF7FEFF 		bl	HAL_NVIC_DisableIRQ
 329              	.LVL19:
 330              		.loc 1 135 1 is_stmt 0 view .LVU99
 331 0028 EFE7     		b	.L15
 332              	.L20:
 333 002a 00BF     		.align	2
 334              	.L19:
 335 002c 00640040 		.word	1073767424
 336 0030 00100240 		.word	1073876992
 337              		.cfi_endproc
 338              	.LFE134:
 340              		.global	hfdcan1
 341              		.section	.bss.hfdcan1,"aw",%nobits
 342              		.align	2
 345              	hfdcan1:
 346 0000 00000000 		.space	100
 346      00000000 
ARM GAS  C:\Users\hamuc\AppData\Local\Temp\cc8xfexI.s 			page 10


 346      00000000 
 346      00000000 
 346      00000000 
 347              		.text
 348              	.Letext0:
 349              		.file 2 "Drivers/CMSIS/Device/ST/STM32G4xx/Include/stm32g431xx.h"
 350              		.file 3 "c:\\program files (x86)\\arm gnu toolchain arm-none-eabi\\12.3 rel1\\arm-none-eabi\\inclu
 351              		.file 4 "c:\\program files (x86)\\arm gnu toolchain arm-none-eabi\\12.3 rel1\\arm-none-eabi\\inclu
 352              		.file 5 "Drivers/CMSIS/Device/ST/STM32G4xx/Include/stm32g4xx.h"
 353              		.file 6 "Drivers/STM32G4xx_HAL_Driver/Inc/stm32g4xx_hal_def.h"
 354              		.file 7 "Drivers/STM32G4xx_HAL_Driver/Inc/stm32g4xx_hal_rcc_ex.h"
 355              		.file 8 "Drivers/STM32G4xx_HAL_Driver/Inc/stm32g4xx_hal_gpio.h"
 356              		.file 9 "Drivers/STM32G4xx_HAL_Driver/Inc/stm32g4xx_hal_fdcan.h"
 357              		.file 10 "Drivers/STM32G4xx_HAL_Driver/Inc/stm32g4xx_hal_cortex.h"
 358              		.file 11 "Core/Inc/fdcan.h"
 359              		.file 12 "Core/Inc/main.h"
 360              		.file 13 "<built-in>"
ARM GAS  C:\Users\hamuc\AppData\Local\Temp\cc8xfexI.s 			page 11


DEFINED SYMBOLS
                            *ABS*:00000000 fdcan.c
C:\Users\hamuc\AppData\Local\Temp\cc8xfexI.s:21     .text.MX_FDCAN1_Init:00000000 $t
C:\Users\hamuc\AppData\Local\Temp\cc8xfexI.s:27     .text.MX_FDCAN1_Init:00000000 MX_FDCAN1_Init
C:\Users\hamuc\AppData\Local\Temp\cc8xfexI.s:117    .text.MX_FDCAN1_Init:00000044 $d
C:\Users\hamuc\AppData\Local\Temp\cc8xfexI.s:345    .bss.hfdcan1:00000000 hfdcan1
C:\Users\hamuc\AppData\Local\Temp\cc8xfexI.s:123    .text.HAL_FDCAN_MspInit:00000000 $t
C:\Users\hamuc\AppData\Local\Temp\cc8xfexI.s:129    .text.HAL_FDCAN_MspInit:00000000 HAL_FDCAN_MspInit
C:\Users\hamuc\AppData\Local\Temp\cc8xfexI.s:276    .text.HAL_FDCAN_MspInit:00000098 $d
C:\Users\hamuc\AppData\Local\Temp\cc8xfexI.s:282    .text.HAL_FDCAN_MspDeInit:00000000 $t
C:\Users\hamuc\AppData\Local\Temp\cc8xfexI.s:288    .text.HAL_FDCAN_MspDeInit:00000000 HAL_FDCAN_MspDeInit
C:\Users\hamuc\AppData\Local\Temp\cc8xfexI.s:335    .text.HAL_FDCAN_MspDeInit:0000002c $d
C:\Users\hamuc\AppData\Local\Temp\cc8xfexI.s:342    .bss.hfdcan1:00000000 $d

UNDEFINED SYMBOLS
HAL_FDCAN_Init
Error_Handler
memset
HAL_RCCEx_PeriphCLKConfig
HAL_GPIO_Init
HAL_NVIC_SetPriority
HAL_NVIC_EnableIRQ
HAL_GPIO_DeInit
HAL_NVIC_DisableIRQ
