ARM GAS  C:\Users\hamuc\AppData\Local\Temp\ccClLssP.s 			page 1


   1              		.cpu cortex-m4
   2              		.arch armv7e-m
   3              		.fpu fpv4-sp-d16
   4              		.eabi_attribute 27, 1
   5              		.eabi_attribute 28, 1
   6              		.eabi_attribute 20, 1
   7              		.eabi_attribute 21, 1
   8              		.eabi_attribute 23, 3
   9              		.eabi_attribute 24, 1
  10              		.eabi_attribute 25, 1
  11              		.eabi_attribute 26, 1
  12              		.eabi_attribute 30, 1
  13              		.eabi_attribute 34, 1
  14              		.eabi_attribute 18, 4
  15              		.file	"spi.c"
  16              		.text
  17              	.Ltext0:
  18              		.cfi_sections	.debug_frame
  19              		.file 1 "Core/Src/spi.c"
  20              		.section	.text.MX_SPI2_Init,"ax",%progbits
  21              		.align	1
  22              		.global	MX_SPI2_Init
  23              		.syntax unified
  24              		.thumb
  25              		.thumb_func
  27              	MX_SPI2_Init:
  28              	.LFB132:
   1:Core/Src/spi.c **** /* USER CODE BEGIN Header */
   2:Core/Src/spi.c **** /**
   3:Core/Src/spi.c ****   ******************************************************************************
   4:Core/Src/spi.c ****   * @file    spi.c
   5:Core/Src/spi.c ****   * @brief   This file provides code for the configuration
   6:Core/Src/spi.c ****   *          of the SPI instances.
   7:Core/Src/spi.c ****   ******************************************************************************
   8:Core/Src/spi.c ****   * @attention
   9:Core/Src/spi.c ****   *
  10:Core/Src/spi.c ****   * Copyright (c) 2023 STMicroelectronics.
  11:Core/Src/spi.c ****   * All rights reserved.
  12:Core/Src/spi.c ****   *
  13:Core/Src/spi.c ****   * This software is licensed under terms that can be found in the LICENSE file
  14:Core/Src/spi.c ****   * in the root directory of this software component.
  15:Core/Src/spi.c ****   * If no LICENSE file comes with this software, it is provided AS-IS.
  16:Core/Src/spi.c ****   *
  17:Core/Src/spi.c ****   ******************************************************************************
  18:Core/Src/spi.c ****   */
  19:Core/Src/spi.c **** /* USER CODE END Header */
  20:Core/Src/spi.c **** /* Includes ------------------------------------------------------------------*/
  21:Core/Src/spi.c **** #include "spi.h"
  22:Core/Src/spi.c **** 
  23:Core/Src/spi.c **** /* USER CODE BEGIN 0 */
  24:Core/Src/spi.c **** 
  25:Core/Src/spi.c **** /* USER CODE END 0 */
  26:Core/Src/spi.c **** 
  27:Core/Src/spi.c **** SPI_HandleTypeDef hspi2;
  28:Core/Src/spi.c **** DMA_HandleTypeDef hdma_spi2_rx;
  29:Core/Src/spi.c **** DMA_HandleTypeDef hdma_spi2_tx;
  30:Core/Src/spi.c **** 
ARM GAS  C:\Users\hamuc\AppData\Local\Temp\ccClLssP.s 			page 2


  31:Core/Src/spi.c **** /* SPI2 init function */
  32:Core/Src/spi.c **** void MX_SPI2_Init(void)
  33:Core/Src/spi.c **** {
  29              		.loc 1 33 1 view -0
  30              		.cfi_startproc
  31              		@ args = 0, pretend = 0, frame = 0
  32              		@ frame_needed = 0, uses_anonymous_args = 0
  33 0000 08B5     		push	{r3, lr}
  34              	.LCFI0:
  35              		.cfi_def_cfa_offset 8
  36              		.cfi_offset 3, -8
  37              		.cfi_offset 14, -4
  34:Core/Src/spi.c **** 
  35:Core/Src/spi.c ****   /* USER CODE BEGIN SPI2_Init 0 */
  36:Core/Src/spi.c **** 
  37:Core/Src/spi.c ****   /* USER CODE END SPI2_Init 0 */
  38:Core/Src/spi.c **** 
  39:Core/Src/spi.c ****   /* USER CODE BEGIN SPI2_Init 1 */
  40:Core/Src/spi.c **** 
  41:Core/Src/spi.c ****   /* USER CODE END SPI2_Init 1 */
  42:Core/Src/spi.c ****   hspi2.Instance = SPI2;
  38              		.loc 1 42 3 view .LVU1
  39              		.loc 1 42 18 is_stmt 0 view .LVU2
  40 0002 1048     		ldr	r0, .L5
  41 0004 104B     		ldr	r3, .L5+4
  42 0006 0360     		str	r3, [r0]
  43:Core/Src/spi.c ****   hspi2.Init.Mode = SPI_MODE_MASTER;
  43              		.loc 1 43 3 is_stmt 1 view .LVU3
  44              		.loc 1 43 19 is_stmt 0 view .LVU4
  45 0008 4FF48273 		mov	r3, #260
  46 000c 4360     		str	r3, [r0, #4]
  44:Core/Src/spi.c ****   hspi2.Init.Direction = SPI_DIRECTION_2LINES;
  47              		.loc 1 44 3 is_stmt 1 view .LVU5
  48              		.loc 1 44 24 is_stmt 0 view .LVU6
  49 000e 0023     		movs	r3, #0
  50 0010 8360     		str	r3, [r0, #8]
  45:Core/Src/spi.c ****   hspi2.Init.DataSize = SPI_DATASIZE_4BIT;
  51              		.loc 1 45 3 is_stmt 1 view .LVU7
  52              		.loc 1 45 23 is_stmt 0 view .LVU8
  53 0012 4FF44072 		mov	r2, #768
  54 0016 C260     		str	r2, [r0, #12]
  46:Core/Src/spi.c ****   hspi2.Init.CLKPolarity = SPI_POLARITY_LOW;
  55              		.loc 1 46 3 is_stmt 1 view .LVU9
  56              		.loc 1 46 26 is_stmt 0 view .LVU10
  57 0018 0361     		str	r3, [r0, #16]
  47:Core/Src/spi.c ****   hspi2.Init.CLKPhase = SPI_PHASE_1EDGE;
  58              		.loc 1 47 3 is_stmt 1 view .LVU11
  59              		.loc 1 47 23 is_stmt 0 view .LVU12
  60 001a 4361     		str	r3, [r0, #20]
  48:Core/Src/spi.c ****   hspi2.Init.NSS = SPI_NSS_SOFT;
  61              		.loc 1 48 3 is_stmt 1 view .LVU13
  62              		.loc 1 48 18 is_stmt 0 view .LVU14
  63 001c 4FF40072 		mov	r2, #512
  64 0020 8261     		str	r2, [r0, #24]
  49:Core/Src/spi.c ****   hspi2.Init.BaudRatePrescaler = SPI_BAUDRATEPRESCALER_2;
  65              		.loc 1 49 3 is_stmt 1 view .LVU15
  66              		.loc 1 49 32 is_stmt 0 view .LVU16
ARM GAS  C:\Users\hamuc\AppData\Local\Temp\ccClLssP.s 			page 3


  67 0022 C361     		str	r3, [r0, #28]
  50:Core/Src/spi.c ****   hspi2.Init.FirstBit = SPI_FIRSTBIT_MSB;
  68              		.loc 1 50 3 is_stmt 1 view .LVU17
  69              		.loc 1 50 23 is_stmt 0 view .LVU18
  70 0024 0362     		str	r3, [r0, #32]
  51:Core/Src/spi.c ****   hspi2.Init.TIMode = SPI_TIMODE_DISABLE;
  71              		.loc 1 51 3 is_stmt 1 view .LVU19
  72              		.loc 1 51 21 is_stmt 0 view .LVU20
  73 0026 4362     		str	r3, [r0, #36]
  52:Core/Src/spi.c ****   hspi2.Init.CRCCalculation = SPI_CRCCALCULATION_DISABLE;
  74              		.loc 1 52 3 is_stmt 1 view .LVU21
  75              		.loc 1 52 29 is_stmt 0 view .LVU22
  76 0028 8362     		str	r3, [r0, #40]
  53:Core/Src/spi.c ****   hspi2.Init.CRCPolynomial = 7;
  77              		.loc 1 53 3 is_stmt 1 view .LVU23
  78              		.loc 1 53 28 is_stmt 0 view .LVU24
  79 002a 0722     		movs	r2, #7
  80 002c C262     		str	r2, [r0, #44]
  54:Core/Src/spi.c ****   hspi2.Init.CRCLength = SPI_CRC_LENGTH_DATASIZE;
  81              		.loc 1 54 3 is_stmt 1 view .LVU25
  82              		.loc 1 54 24 is_stmt 0 view .LVU26
  83 002e 0363     		str	r3, [r0, #48]
  55:Core/Src/spi.c ****   hspi2.Init.NSSPMode = SPI_NSS_PULSE_ENABLE;
  84              		.loc 1 55 3 is_stmt 1 view .LVU27
  85              		.loc 1 55 23 is_stmt 0 view .LVU28
  86 0030 0823     		movs	r3, #8
  87 0032 4363     		str	r3, [r0, #52]
  56:Core/Src/spi.c ****   if (HAL_SPI_Init(&hspi2) != HAL_OK)
  88              		.loc 1 56 3 is_stmt 1 view .LVU29
  89              		.loc 1 56 7 is_stmt 0 view .LVU30
  90 0034 FFF7FEFF 		bl	HAL_SPI_Init
  91              	.LVL0:
  92              		.loc 1 56 6 view .LVU31
  93 0038 00B9     		cbnz	r0, .L4
  94              	.L1:
  57:Core/Src/spi.c ****   {
  58:Core/Src/spi.c ****     Error_Handler();
  59:Core/Src/spi.c ****   }
  60:Core/Src/spi.c ****   /* USER CODE BEGIN SPI2_Init 2 */
  61:Core/Src/spi.c **** 
  62:Core/Src/spi.c ****   /* USER CODE END SPI2_Init 2 */
  63:Core/Src/spi.c **** 
  64:Core/Src/spi.c **** }
  95              		.loc 1 64 1 view .LVU32
  96 003a 08BD     		pop	{r3, pc}
  97              	.L4:
  58:Core/Src/spi.c ****   }
  98              		.loc 1 58 5 is_stmt 1 view .LVU33
  99 003c FFF7FEFF 		bl	Error_Handler
 100              	.LVL1:
 101              		.loc 1 64 1 is_stmt 0 view .LVU34
 102 0040 FBE7     		b	.L1
 103              	.L6:
 104 0042 00BF     		.align	2
 105              	.L5:
 106 0044 00000000 		.word	hspi2
 107 0048 00380040 		.word	1073756160
ARM GAS  C:\Users\hamuc\AppData\Local\Temp\ccClLssP.s 			page 4


 108              		.cfi_endproc
 109              	.LFE132:
 111              		.section	.text.HAL_SPI_MspInit,"ax",%progbits
 112              		.align	1
 113              		.global	HAL_SPI_MspInit
 114              		.syntax unified
 115              		.thumb
 116              		.thumb_func
 118              	HAL_SPI_MspInit:
 119              	.LVL2:
 120              	.LFB133:
  65:Core/Src/spi.c **** 
  66:Core/Src/spi.c **** void HAL_SPI_MspInit(SPI_HandleTypeDef* spiHandle)
  67:Core/Src/spi.c **** {
 121              		.loc 1 67 1 is_stmt 1 view -0
 122              		.cfi_startproc
 123              		@ args = 0, pretend = 0, frame = 32
 124              		@ frame_needed = 0, uses_anonymous_args = 0
 125              		.loc 1 67 1 is_stmt 0 view .LVU36
 126 0000 10B5     		push	{r4, lr}
 127              	.LCFI1:
 128              		.cfi_def_cfa_offset 8
 129              		.cfi_offset 4, -8
 130              		.cfi_offset 14, -4
 131 0002 88B0     		sub	sp, sp, #32
 132              	.LCFI2:
 133              		.cfi_def_cfa_offset 40
  68:Core/Src/spi.c **** 
  69:Core/Src/spi.c ****   GPIO_InitTypeDef GPIO_InitStruct = {0};
 134              		.loc 1 69 3 is_stmt 1 view .LVU37
 135              		.loc 1 69 20 is_stmt 0 view .LVU38
 136 0004 0023     		movs	r3, #0
 137 0006 0393     		str	r3, [sp, #12]
 138 0008 0493     		str	r3, [sp, #16]
 139 000a 0593     		str	r3, [sp, #20]
 140 000c 0693     		str	r3, [sp, #24]
 141 000e 0793     		str	r3, [sp, #28]
  70:Core/Src/spi.c ****   if(spiHandle->Instance==SPI2)
 142              		.loc 1 70 3 is_stmt 1 view .LVU39
 143              		.loc 1 70 15 is_stmt 0 view .LVU40
 144 0010 0268     		ldr	r2, [r0]
 145              		.loc 1 70 5 view .LVU41
 146 0012 2A4B     		ldr	r3, .L15
 147 0014 9A42     		cmp	r2, r3
 148 0016 01D0     		beq	.L12
 149              	.LVL3:
 150              	.L7:
  71:Core/Src/spi.c ****   {
  72:Core/Src/spi.c ****   /* USER CODE BEGIN SPI2_MspInit 0 */
  73:Core/Src/spi.c **** 
  74:Core/Src/spi.c ****   /* USER CODE END SPI2_MspInit 0 */
  75:Core/Src/spi.c ****     /* SPI2 clock enable */
  76:Core/Src/spi.c ****     __HAL_RCC_SPI2_CLK_ENABLE();
  77:Core/Src/spi.c **** 
  78:Core/Src/spi.c ****     __HAL_RCC_GPIOB_CLK_ENABLE();
  79:Core/Src/spi.c ****     /**SPI2 GPIO Configuration
  80:Core/Src/spi.c ****     PB13     ------> SPI2_SCK
ARM GAS  C:\Users\hamuc\AppData\Local\Temp\ccClLssP.s 			page 5


  81:Core/Src/spi.c ****     PB14     ------> SPI2_MISO
  82:Core/Src/spi.c ****     PB15     ------> SPI2_MOSI
  83:Core/Src/spi.c ****     */
  84:Core/Src/spi.c ****     GPIO_InitStruct.Pin = GPIO_PIN_13|GPIO_PIN_14|GPIO_PIN_15;
  85:Core/Src/spi.c ****     GPIO_InitStruct.Mode = GPIO_MODE_AF_PP;
  86:Core/Src/spi.c ****     GPIO_InitStruct.Pull = GPIO_NOPULL;
  87:Core/Src/spi.c ****     GPIO_InitStruct.Speed = GPIO_SPEED_FREQ_LOW;
  88:Core/Src/spi.c ****     GPIO_InitStruct.Alternate = GPIO_AF5_SPI2;
  89:Core/Src/spi.c ****     HAL_GPIO_Init(GPIOB, &GPIO_InitStruct);
  90:Core/Src/spi.c **** 
  91:Core/Src/spi.c ****     /* SPI2 DMA Init */
  92:Core/Src/spi.c ****     /* SPI2_RX Init */
  93:Core/Src/spi.c ****     hdma_spi2_rx.Instance = DMA1_Channel5;
  94:Core/Src/spi.c ****     hdma_spi2_rx.Init.Request = DMA_REQUEST_SPI2_RX;
  95:Core/Src/spi.c ****     hdma_spi2_rx.Init.Direction = DMA_PERIPH_TO_MEMORY;
  96:Core/Src/spi.c ****     hdma_spi2_rx.Init.PeriphInc = DMA_PINC_DISABLE;
  97:Core/Src/spi.c ****     hdma_spi2_rx.Init.MemInc = DMA_MINC_ENABLE;
  98:Core/Src/spi.c ****     hdma_spi2_rx.Init.PeriphDataAlignment = DMA_PDATAALIGN_BYTE;
  99:Core/Src/spi.c ****     hdma_spi2_rx.Init.MemDataAlignment = DMA_MDATAALIGN_BYTE;
 100:Core/Src/spi.c ****     hdma_spi2_rx.Init.Mode = DMA_NORMAL;
 101:Core/Src/spi.c ****     hdma_spi2_rx.Init.Priority = DMA_PRIORITY_LOW;
 102:Core/Src/spi.c ****     if (HAL_DMA_Init(&hdma_spi2_rx) != HAL_OK)
 103:Core/Src/spi.c ****     {
 104:Core/Src/spi.c ****       Error_Handler();
 105:Core/Src/spi.c ****     }
 106:Core/Src/spi.c **** 
 107:Core/Src/spi.c ****     __HAL_LINKDMA(spiHandle,hdmarx,hdma_spi2_rx);
 108:Core/Src/spi.c **** 
 109:Core/Src/spi.c ****     /* SPI2_TX Init */
 110:Core/Src/spi.c ****     hdma_spi2_tx.Instance = DMA1_Channel6;
 111:Core/Src/spi.c ****     hdma_spi2_tx.Init.Request = DMA_REQUEST_SPI2_TX;
 112:Core/Src/spi.c ****     hdma_spi2_tx.Init.Direction = DMA_MEMORY_TO_PERIPH;
 113:Core/Src/spi.c ****     hdma_spi2_tx.Init.PeriphInc = DMA_PINC_DISABLE;
 114:Core/Src/spi.c ****     hdma_spi2_tx.Init.MemInc = DMA_MINC_ENABLE;
 115:Core/Src/spi.c ****     hdma_spi2_tx.Init.PeriphDataAlignment = DMA_PDATAALIGN_BYTE;
 116:Core/Src/spi.c ****     hdma_spi2_tx.Init.MemDataAlignment = DMA_MDATAALIGN_BYTE;
 117:Core/Src/spi.c ****     hdma_spi2_tx.Init.Mode = DMA_NORMAL;
 118:Core/Src/spi.c ****     hdma_spi2_tx.Init.Priority = DMA_PRIORITY_LOW;
 119:Core/Src/spi.c ****     if (HAL_DMA_Init(&hdma_spi2_tx) != HAL_OK)
 120:Core/Src/spi.c ****     {
 121:Core/Src/spi.c ****       Error_Handler();
 122:Core/Src/spi.c ****     }
 123:Core/Src/spi.c **** 
 124:Core/Src/spi.c ****     __HAL_LINKDMA(spiHandle,hdmatx,hdma_spi2_tx);
 125:Core/Src/spi.c **** 
 126:Core/Src/spi.c ****   /* USER CODE BEGIN SPI2_MspInit 1 */
 127:Core/Src/spi.c **** 
 128:Core/Src/spi.c ****   /* USER CODE END SPI2_MspInit 1 */
 129:Core/Src/spi.c ****   }
 130:Core/Src/spi.c **** }
 151              		.loc 1 130 1 view .LVU42
 152 0018 08B0     		add	sp, sp, #32
 153              	.LCFI3:
 154              		.cfi_remember_state
 155              		.cfi_def_cfa_offset 8
 156              		@ sp needed
 157 001a 10BD     		pop	{r4, pc}
ARM GAS  C:\Users\hamuc\AppData\Local\Temp\ccClLssP.s 			page 6


 158              	.LVL4:
 159              	.L12:
 160              	.LCFI4:
 161              		.cfi_restore_state
 162              		.loc 1 130 1 view .LVU43
 163 001c 0446     		mov	r4, r0
  76:Core/Src/spi.c **** 
 164              		.loc 1 76 5 is_stmt 1 view .LVU44
 165              	.LBB2:
  76:Core/Src/spi.c **** 
 166              		.loc 1 76 5 view .LVU45
  76:Core/Src/spi.c **** 
 167              		.loc 1 76 5 view .LVU46
 168 001e 03F5EC33 		add	r3, r3, #120832
 169 0022 9A6D     		ldr	r2, [r3, #88]
 170 0024 42F48042 		orr	r2, r2, #16384
 171 0028 9A65     		str	r2, [r3, #88]
  76:Core/Src/spi.c **** 
 172              		.loc 1 76 5 view .LVU47
 173 002a 9A6D     		ldr	r2, [r3, #88]
 174 002c 02F48042 		and	r2, r2, #16384
 175 0030 0192     		str	r2, [sp, #4]
  76:Core/Src/spi.c **** 
 176              		.loc 1 76 5 view .LVU48
 177 0032 019A     		ldr	r2, [sp, #4]
 178              	.LBE2:
  76:Core/Src/spi.c **** 
 179              		.loc 1 76 5 view .LVU49
  78:Core/Src/spi.c ****     /**SPI2 GPIO Configuration
 180              		.loc 1 78 5 view .LVU50
 181              	.LBB3:
  78:Core/Src/spi.c ****     /**SPI2 GPIO Configuration
 182              		.loc 1 78 5 view .LVU51
  78:Core/Src/spi.c ****     /**SPI2 GPIO Configuration
 183              		.loc 1 78 5 view .LVU52
 184 0034 DA6C     		ldr	r2, [r3, #76]
 185 0036 42F00202 		orr	r2, r2, #2
 186 003a DA64     		str	r2, [r3, #76]
  78:Core/Src/spi.c ****     /**SPI2 GPIO Configuration
 187              		.loc 1 78 5 view .LVU53
 188 003c DB6C     		ldr	r3, [r3, #76]
 189 003e 03F00203 		and	r3, r3, #2
 190 0042 0293     		str	r3, [sp, #8]
  78:Core/Src/spi.c ****     /**SPI2 GPIO Configuration
 191              		.loc 1 78 5 view .LVU54
 192 0044 029B     		ldr	r3, [sp, #8]
 193              	.LBE3:
  78:Core/Src/spi.c ****     /**SPI2 GPIO Configuration
 194              		.loc 1 78 5 view .LVU55
  84:Core/Src/spi.c ****     GPIO_InitStruct.Mode = GPIO_MODE_AF_PP;
 195              		.loc 1 84 5 view .LVU56
  84:Core/Src/spi.c ****     GPIO_InitStruct.Mode = GPIO_MODE_AF_PP;
 196              		.loc 1 84 25 is_stmt 0 view .LVU57
 197 0046 4FF46043 		mov	r3, #57344
 198 004a 0393     		str	r3, [sp, #12]
  85:Core/Src/spi.c ****     GPIO_InitStruct.Pull = GPIO_NOPULL;
 199              		.loc 1 85 5 is_stmt 1 view .LVU58
ARM GAS  C:\Users\hamuc\AppData\Local\Temp\ccClLssP.s 			page 7


  85:Core/Src/spi.c ****     GPIO_InitStruct.Pull = GPIO_NOPULL;
 200              		.loc 1 85 26 is_stmt 0 view .LVU59
 201 004c 0223     		movs	r3, #2
 202 004e 0493     		str	r3, [sp, #16]
  86:Core/Src/spi.c ****     GPIO_InitStruct.Speed = GPIO_SPEED_FREQ_LOW;
 203              		.loc 1 86 5 is_stmt 1 view .LVU60
  87:Core/Src/spi.c ****     GPIO_InitStruct.Alternate = GPIO_AF5_SPI2;
 204              		.loc 1 87 5 view .LVU61
  88:Core/Src/spi.c ****     HAL_GPIO_Init(GPIOB, &GPIO_InitStruct);
 205              		.loc 1 88 5 view .LVU62
  88:Core/Src/spi.c ****     HAL_GPIO_Init(GPIOB, &GPIO_InitStruct);
 206              		.loc 1 88 31 is_stmt 0 view .LVU63
 207 0050 0523     		movs	r3, #5
 208 0052 0793     		str	r3, [sp, #28]
  89:Core/Src/spi.c **** 
 209              		.loc 1 89 5 is_stmt 1 view .LVU64
 210 0054 03A9     		add	r1, sp, #12
 211 0056 1A48     		ldr	r0, .L15+4
 212              	.LVL5:
  89:Core/Src/spi.c **** 
 213              		.loc 1 89 5 is_stmt 0 view .LVU65
 214 0058 FFF7FEFF 		bl	HAL_GPIO_Init
 215              	.LVL6:
  93:Core/Src/spi.c ****     hdma_spi2_rx.Init.Request = DMA_REQUEST_SPI2_RX;
 216              		.loc 1 93 5 is_stmt 1 view .LVU66
  93:Core/Src/spi.c ****     hdma_spi2_rx.Init.Request = DMA_REQUEST_SPI2_RX;
 217              		.loc 1 93 27 is_stmt 0 view .LVU67
 218 005c 1948     		ldr	r0, .L15+8
 219 005e 1A4B     		ldr	r3, .L15+12
 220 0060 0360     		str	r3, [r0]
  94:Core/Src/spi.c ****     hdma_spi2_rx.Init.Direction = DMA_PERIPH_TO_MEMORY;
 221              		.loc 1 94 5 is_stmt 1 view .LVU68
  94:Core/Src/spi.c ****     hdma_spi2_rx.Init.Direction = DMA_PERIPH_TO_MEMORY;
 222              		.loc 1 94 31 is_stmt 0 view .LVU69
 223 0062 0C23     		movs	r3, #12
 224 0064 4360     		str	r3, [r0, #4]
  95:Core/Src/spi.c ****     hdma_spi2_rx.Init.PeriphInc = DMA_PINC_DISABLE;
 225              		.loc 1 95 5 is_stmt 1 view .LVU70
  95:Core/Src/spi.c ****     hdma_spi2_rx.Init.PeriphInc = DMA_PINC_DISABLE;
 226              		.loc 1 95 33 is_stmt 0 view .LVU71
 227 0066 0023     		movs	r3, #0
 228 0068 8360     		str	r3, [r0, #8]
  96:Core/Src/spi.c ****     hdma_spi2_rx.Init.MemInc = DMA_MINC_ENABLE;
 229              		.loc 1 96 5 is_stmt 1 view .LVU72
  96:Core/Src/spi.c ****     hdma_spi2_rx.Init.MemInc = DMA_MINC_ENABLE;
 230              		.loc 1 96 33 is_stmt 0 view .LVU73
 231 006a C360     		str	r3, [r0, #12]
  97:Core/Src/spi.c ****     hdma_spi2_rx.Init.PeriphDataAlignment = DMA_PDATAALIGN_BYTE;
 232              		.loc 1 97 5 is_stmt 1 view .LVU74
  97:Core/Src/spi.c ****     hdma_spi2_rx.Init.PeriphDataAlignment = DMA_PDATAALIGN_BYTE;
 233              		.loc 1 97 30 is_stmt 0 view .LVU75
 234 006c 8022     		movs	r2, #128
 235 006e 0261     		str	r2, [r0, #16]
  98:Core/Src/spi.c ****     hdma_spi2_rx.Init.MemDataAlignment = DMA_MDATAALIGN_BYTE;
 236              		.loc 1 98 5 is_stmt 1 view .LVU76
  98:Core/Src/spi.c ****     hdma_spi2_rx.Init.MemDataAlignment = DMA_MDATAALIGN_BYTE;
 237              		.loc 1 98 43 is_stmt 0 view .LVU77
ARM GAS  C:\Users\hamuc\AppData\Local\Temp\ccClLssP.s 			page 8


 238 0070 4361     		str	r3, [r0, #20]
  99:Core/Src/spi.c ****     hdma_spi2_rx.Init.Mode = DMA_NORMAL;
 239              		.loc 1 99 5 is_stmt 1 view .LVU78
  99:Core/Src/spi.c ****     hdma_spi2_rx.Init.Mode = DMA_NORMAL;
 240              		.loc 1 99 40 is_stmt 0 view .LVU79
 241 0072 8361     		str	r3, [r0, #24]
 100:Core/Src/spi.c ****     hdma_spi2_rx.Init.Priority = DMA_PRIORITY_LOW;
 242              		.loc 1 100 5 is_stmt 1 view .LVU80
 100:Core/Src/spi.c ****     hdma_spi2_rx.Init.Priority = DMA_PRIORITY_LOW;
 243              		.loc 1 100 28 is_stmt 0 view .LVU81
 244 0074 C361     		str	r3, [r0, #28]
 101:Core/Src/spi.c ****     if (HAL_DMA_Init(&hdma_spi2_rx) != HAL_OK)
 245              		.loc 1 101 5 is_stmt 1 view .LVU82
 101:Core/Src/spi.c ****     if (HAL_DMA_Init(&hdma_spi2_rx) != HAL_OK)
 246              		.loc 1 101 32 is_stmt 0 view .LVU83
 247 0076 0362     		str	r3, [r0, #32]
 102:Core/Src/spi.c ****     {
 248              		.loc 1 102 5 is_stmt 1 view .LVU84
 102:Core/Src/spi.c ****     {
 249              		.loc 1 102 9 is_stmt 0 view .LVU85
 250 0078 FFF7FEFF 		bl	HAL_DMA_Init
 251              	.LVL7:
 102:Core/Src/spi.c ****     {
 252              		.loc 1 102 8 view .LVU86
 253 007c C0B9     		cbnz	r0, .L13
 254              	.L9:
 107:Core/Src/spi.c **** 
 255              		.loc 1 107 5 is_stmt 1 view .LVU87
 107:Core/Src/spi.c **** 
 256              		.loc 1 107 5 view .LVU88
 257 007e 114B     		ldr	r3, .L15+8
 258 0080 A365     		str	r3, [r4, #88]
 107:Core/Src/spi.c **** 
 259              		.loc 1 107 5 view .LVU89
 260 0082 9C62     		str	r4, [r3, #40]
 107:Core/Src/spi.c **** 
 261              		.loc 1 107 5 view .LVU90
 110:Core/Src/spi.c ****     hdma_spi2_tx.Init.Request = DMA_REQUEST_SPI2_TX;
 262              		.loc 1 110 5 view .LVU91
 110:Core/Src/spi.c ****     hdma_spi2_tx.Init.Request = DMA_REQUEST_SPI2_TX;
 263              		.loc 1 110 27 is_stmt 0 view .LVU92
 264 0084 1148     		ldr	r0, .L15+16
 265 0086 124B     		ldr	r3, .L15+20
 266 0088 0360     		str	r3, [r0]
 111:Core/Src/spi.c ****     hdma_spi2_tx.Init.Direction = DMA_MEMORY_TO_PERIPH;
 267              		.loc 1 111 5 is_stmt 1 view .LVU93
 111:Core/Src/spi.c ****     hdma_spi2_tx.Init.Direction = DMA_MEMORY_TO_PERIPH;
 268              		.loc 1 111 31 is_stmt 0 view .LVU94
 269 008a 0D23     		movs	r3, #13
 270 008c 4360     		str	r3, [r0, #4]
 112:Core/Src/spi.c ****     hdma_spi2_tx.Init.PeriphInc = DMA_PINC_DISABLE;
 271              		.loc 1 112 5 is_stmt 1 view .LVU95
 112:Core/Src/spi.c ****     hdma_spi2_tx.Init.PeriphInc = DMA_PINC_DISABLE;
 272              		.loc 1 112 33 is_stmt 0 view .LVU96
 273 008e 1023     		movs	r3, #16
 274 0090 8360     		str	r3, [r0, #8]
 113:Core/Src/spi.c ****     hdma_spi2_tx.Init.MemInc = DMA_MINC_ENABLE;
ARM GAS  C:\Users\hamuc\AppData\Local\Temp\ccClLssP.s 			page 9


 275              		.loc 1 113 5 is_stmt 1 view .LVU97
 113:Core/Src/spi.c ****     hdma_spi2_tx.Init.MemInc = DMA_MINC_ENABLE;
 276              		.loc 1 113 33 is_stmt 0 view .LVU98
 277 0092 0023     		movs	r3, #0
 278 0094 C360     		str	r3, [r0, #12]
 114:Core/Src/spi.c ****     hdma_spi2_tx.Init.PeriphDataAlignment = DMA_PDATAALIGN_BYTE;
 279              		.loc 1 114 5 is_stmt 1 view .LVU99
 114:Core/Src/spi.c ****     hdma_spi2_tx.Init.PeriphDataAlignment = DMA_PDATAALIGN_BYTE;
 280              		.loc 1 114 30 is_stmt 0 view .LVU100
 281 0096 8022     		movs	r2, #128
 282 0098 0261     		str	r2, [r0, #16]
 115:Core/Src/spi.c ****     hdma_spi2_tx.Init.MemDataAlignment = DMA_MDATAALIGN_BYTE;
 283              		.loc 1 115 5 is_stmt 1 view .LVU101
 115:Core/Src/spi.c ****     hdma_spi2_tx.Init.MemDataAlignment = DMA_MDATAALIGN_BYTE;
 284              		.loc 1 115 43 is_stmt 0 view .LVU102
 285 009a 4361     		str	r3, [r0, #20]
 116:Core/Src/spi.c ****     hdma_spi2_tx.Init.Mode = DMA_NORMAL;
 286              		.loc 1 116 5 is_stmt 1 view .LVU103
 116:Core/Src/spi.c ****     hdma_spi2_tx.Init.Mode = DMA_NORMAL;
 287              		.loc 1 116 40 is_stmt 0 view .LVU104
 288 009c 8361     		str	r3, [r0, #24]
 117:Core/Src/spi.c ****     hdma_spi2_tx.Init.Priority = DMA_PRIORITY_LOW;
 289              		.loc 1 117 5 is_stmt 1 view .LVU105
 117:Core/Src/spi.c ****     hdma_spi2_tx.Init.Priority = DMA_PRIORITY_LOW;
 290              		.loc 1 117 28 is_stmt 0 view .LVU106
 291 009e C361     		str	r3, [r0, #28]
 118:Core/Src/spi.c ****     if (HAL_DMA_Init(&hdma_spi2_tx) != HAL_OK)
 292              		.loc 1 118 5 is_stmt 1 view .LVU107
 118:Core/Src/spi.c ****     if (HAL_DMA_Init(&hdma_spi2_tx) != HAL_OK)
 293              		.loc 1 118 32 is_stmt 0 view .LVU108
 294 00a0 0362     		str	r3, [r0, #32]
 119:Core/Src/spi.c ****     {
 295              		.loc 1 119 5 is_stmt 1 view .LVU109
 119:Core/Src/spi.c ****     {
 296              		.loc 1 119 9 is_stmt 0 view .LVU110
 297 00a2 FFF7FEFF 		bl	HAL_DMA_Init
 298              	.LVL8:
 119:Core/Src/spi.c ****     {
 299              		.loc 1 119 8 view .LVU111
 300 00a6 30B9     		cbnz	r0, .L14
 301              	.L10:
 124:Core/Src/spi.c **** 
 302              		.loc 1 124 5 is_stmt 1 view .LVU112
 124:Core/Src/spi.c **** 
 303              		.loc 1 124 5 view .LVU113
 304 00a8 084B     		ldr	r3, .L15+16
 305 00aa 6365     		str	r3, [r4, #84]
 124:Core/Src/spi.c **** 
 306              		.loc 1 124 5 view .LVU114
 307 00ac 9C62     		str	r4, [r3, #40]
 124:Core/Src/spi.c **** 
 308              		.loc 1 124 5 view .LVU115
 309              		.loc 1 130 1 is_stmt 0 view .LVU116
 310 00ae B3E7     		b	.L7
 311              	.L13:
 104:Core/Src/spi.c ****     }
 312              		.loc 1 104 7 is_stmt 1 view .LVU117
ARM GAS  C:\Users\hamuc\AppData\Local\Temp\ccClLssP.s 			page 10


 313 00b0 FFF7FEFF 		bl	Error_Handler
 314              	.LVL9:
 315 00b4 E3E7     		b	.L9
 316              	.L14:
 121:Core/Src/spi.c ****     }
 317              		.loc 1 121 7 view .LVU118
 318 00b6 FFF7FEFF 		bl	Error_Handler
 319              	.LVL10:
 320 00ba F5E7     		b	.L10
 321              	.L16:
 322              		.align	2
 323              	.L15:
 324 00bc 00380040 		.word	1073756160
 325 00c0 00040048 		.word	1207960576
 326 00c4 00000000 		.word	hdma_spi2_rx
 327 00c8 58000240 		.word	1073872984
 328 00cc 00000000 		.word	hdma_spi2_tx
 329 00d0 6C000240 		.word	1073873004
 330              		.cfi_endproc
 331              	.LFE133:
 333              		.section	.text.HAL_SPI_MspDeInit,"ax",%progbits
 334              		.align	1
 335              		.global	HAL_SPI_MspDeInit
 336              		.syntax unified
 337              		.thumb
 338              		.thumb_func
 340              	HAL_SPI_MspDeInit:
 341              	.LVL11:
 342              	.LFB134:
 131:Core/Src/spi.c **** 
 132:Core/Src/spi.c **** void HAL_SPI_MspDeInit(SPI_HandleTypeDef* spiHandle)
 133:Core/Src/spi.c **** {
 343              		.loc 1 133 1 view -0
 344              		.cfi_startproc
 345              		@ args = 0, pretend = 0, frame = 0
 346              		@ frame_needed = 0, uses_anonymous_args = 0
 134:Core/Src/spi.c **** 
 135:Core/Src/spi.c ****   if(spiHandle->Instance==SPI2)
 347              		.loc 1 135 3 view .LVU120
 348              		.loc 1 135 15 is_stmt 0 view .LVU121
 349 0000 0268     		ldr	r2, [r0]
 350              		.loc 1 135 5 view .LVU122
 351 0002 0B4B     		ldr	r3, .L24
 352 0004 9A42     		cmp	r2, r3
 353 0006 00D0     		beq	.L23
 354 0008 7047     		bx	lr
 355              	.L23:
 133:Core/Src/spi.c **** 
 356              		.loc 1 133 1 view .LVU123
 357 000a 10B5     		push	{r4, lr}
 358              	.LCFI5:
 359              		.cfi_def_cfa_offset 8
 360              		.cfi_offset 4, -8
 361              		.cfi_offset 14, -4
 362 000c 0446     		mov	r4, r0
 136:Core/Src/spi.c ****   {
 137:Core/Src/spi.c ****   /* USER CODE BEGIN SPI2_MspDeInit 0 */
ARM GAS  C:\Users\hamuc\AppData\Local\Temp\ccClLssP.s 			page 11


 138:Core/Src/spi.c **** 
 139:Core/Src/spi.c ****   /* USER CODE END SPI2_MspDeInit 0 */
 140:Core/Src/spi.c ****     /* Peripheral clock disable */
 141:Core/Src/spi.c ****     __HAL_RCC_SPI2_CLK_DISABLE();
 363              		.loc 1 141 5 is_stmt 1 view .LVU124
 364 000e 094A     		ldr	r2, .L24+4
 365 0010 936D     		ldr	r3, [r2, #88]
 366 0012 23F48043 		bic	r3, r3, #16384
 367 0016 9365     		str	r3, [r2, #88]
 142:Core/Src/spi.c **** 
 143:Core/Src/spi.c ****     /**SPI2 GPIO Configuration
 144:Core/Src/spi.c ****     PB13     ------> SPI2_SCK
 145:Core/Src/spi.c ****     PB14     ------> SPI2_MISO
 146:Core/Src/spi.c ****     PB15     ------> SPI2_MOSI
 147:Core/Src/spi.c ****     */
 148:Core/Src/spi.c ****     HAL_GPIO_DeInit(GPIOB, GPIO_PIN_13|GPIO_PIN_14|GPIO_PIN_15);
 368              		.loc 1 148 5 view .LVU125
 369 0018 4FF46041 		mov	r1, #57344
 370 001c 0648     		ldr	r0, .L24+8
 371              	.LVL12:
 372              		.loc 1 148 5 is_stmt 0 view .LVU126
 373 001e FFF7FEFF 		bl	HAL_GPIO_DeInit
 374              	.LVL13:
 149:Core/Src/spi.c **** 
 150:Core/Src/spi.c ****     /* SPI2 DMA DeInit */
 151:Core/Src/spi.c ****     HAL_DMA_DeInit(spiHandle->hdmarx);
 375              		.loc 1 151 5 is_stmt 1 view .LVU127
 376 0022 A06D     		ldr	r0, [r4, #88]
 377 0024 FFF7FEFF 		bl	HAL_DMA_DeInit
 378              	.LVL14:
 152:Core/Src/spi.c ****     HAL_DMA_DeInit(spiHandle->hdmatx);
 379              		.loc 1 152 5 view .LVU128
 380 0028 606D     		ldr	r0, [r4, #84]
 381 002a FFF7FEFF 		bl	HAL_DMA_DeInit
 382              	.LVL15:
 153:Core/Src/spi.c ****   /* USER CODE BEGIN SPI2_MspDeInit 1 */
 154:Core/Src/spi.c **** 
 155:Core/Src/spi.c ****   /* USER CODE END SPI2_MspDeInit 1 */
 156:Core/Src/spi.c ****   }
 157:Core/Src/spi.c **** }
 383              		.loc 1 157 1 is_stmt 0 view .LVU129
 384 002e 10BD     		pop	{r4, pc}
 385              	.LVL16:
 386              	.L25:
 387              		.loc 1 157 1 view .LVU130
 388              		.align	2
 389              	.L24:
 390 0030 00380040 		.word	1073756160
 391 0034 00100240 		.word	1073876992
 392 0038 00040048 		.word	1207960576
 393              		.cfi_endproc
 394              	.LFE134:
 396              		.global	hdma_spi2_tx
 397              		.section	.bss.hdma_spi2_tx,"aw",%nobits
 398              		.align	2
 401              	hdma_spi2_tx:
 402 0000 00000000 		.space	96
ARM GAS  C:\Users\hamuc\AppData\Local\Temp\ccClLssP.s 			page 12


 402      00000000 
 402      00000000 
 402      00000000 
 402      00000000 
 403              		.global	hdma_spi2_rx
 404              		.section	.bss.hdma_spi2_rx,"aw",%nobits
 405              		.align	2
 408              	hdma_spi2_rx:
 409 0000 00000000 		.space	96
 409      00000000 
 409      00000000 
 409      00000000 
 409      00000000 
 410              		.global	hspi2
 411              		.section	.bss.hspi2,"aw",%nobits
 412              		.align	2
 415              	hspi2:
 416 0000 00000000 		.space	100
 416      00000000 
 416      00000000 
 416      00000000 
 416      00000000 
 417              		.text
 418              	.Letext0:
 419              		.file 2 "c:\\program files (x86)\\arm gnu toolchain arm-none-eabi\\12.3 rel1\\arm-none-eabi\\inclu
 420              		.file 3 "c:\\program files (x86)\\arm gnu toolchain arm-none-eabi\\12.3 rel1\\arm-none-eabi\\inclu
 421              		.file 4 "Drivers/CMSIS/Device/ST/STM32G4xx/Include/stm32g431xx.h"
 422              		.file 5 "Drivers/STM32G4xx_HAL_Driver/Inc/stm32g4xx_hal_def.h"
 423              		.file 6 "Drivers/STM32G4xx_HAL_Driver/Inc/stm32g4xx_hal_gpio.h"
 424              		.file 7 "Drivers/STM32G4xx_HAL_Driver/Inc/stm32g4xx_hal_dma.h"
 425              		.file 8 "Drivers/STM32G4xx_HAL_Driver/Inc/stm32g4xx_hal_spi.h"
 426              		.file 9 "Core/Inc/spi.h"
 427              		.file 10 "Core/Inc/main.h"
ARM GAS  C:\Users\hamuc\AppData\Local\Temp\ccClLssP.s 			page 13


DEFINED SYMBOLS
                            *ABS*:00000000 spi.c
C:\Users\hamuc\AppData\Local\Temp\ccClLssP.s:21     .text.MX_SPI2_Init:00000000 $t
C:\Users\hamuc\AppData\Local\Temp\ccClLssP.s:27     .text.MX_SPI2_Init:00000000 MX_SPI2_Init
C:\Users\hamuc\AppData\Local\Temp\ccClLssP.s:106    .text.MX_SPI2_Init:00000044 $d
C:\Users\hamuc\AppData\Local\Temp\ccClLssP.s:415    .bss.hspi2:00000000 hspi2
C:\Users\hamuc\AppData\Local\Temp\ccClLssP.s:112    .text.HAL_SPI_MspInit:00000000 $t
C:\Users\hamuc\AppData\Local\Temp\ccClLssP.s:118    .text.HAL_SPI_MspInit:00000000 HAL_SPI_MspInit
C:\Users\hamuc\AppData\Local\Temp\ccClLssP.s:324    .text.HAL_SPI_MspInit:000000bc $d
C:\Users\hamuc\AppData\Local\Temp\ccClLssP.s:408    .bss.hdma_spi2_rx:00000000 hdma_spi2_rx
C:\Users\hamuc\AppData\Local\Temp\ccClLssP.s:401    .bss.hdma_spi2_tx:00000000 hdma_spi2_tx
C:\Users\hamuc\AppData\Local\Temp\ccClLssP.s:334    .text.HAL_SPI_MspDeInit:00000000 $t
C:\Users\hamuc\AppData\Local\Temp\ccClLssP.s:340    .text.HAL_SPI_MspDeInit:00000000 HAL_SPI_MspDeInit
C:\Users\hamuc\AppData\Local\Temp\ccClLssP.s:390    .text.HAL_SPI_MspDeInit:00000030 $d
C:\Users\hamuc\AppData\Local\Temp\ccClLssP.s:398    .bss.hdma_spi2_tx:00000000 $d
C:\Users\hamuc\AppData\Local\Temp\ccClLssP.s:405    .bss.hdma_spi2_rx:00000000 $d
C:\Users\hamuc\AppData\Local\Temp\ccClLssP.s:412    .bss.hspi2:00000000 $d

UNDEFINED SYMBOLS
HAL_SPI_Init
Error_Handler
HAL_GPIO_Init
HAL_DMA_Init
HAL_GPIO_DeInit
HAL_DMA_DeInit
